<?xml version="1.0" encoding="UTF-8"?>
<!-- Generated by org.testng.reporters.JUnitReportReporter -->
<testsuite hostname="HPOMEN15-SWITCH" failures="0" tests="1" name="API.test5" time="2.428" errors="0" timestamp="2022-09-16T08:11:03 WIB" skipped="0">
  <testcase classname="API.test5" name="test" time="2.428"/>
  <system-out/>
</testsuite> <!-- API.test5 -->
