<?xml version="1.0" encoding="UTF-8"?>
<!-- Generated by org.testng.reporters.JUnitReportReporter -->
<testsuite hostname="HPOMEN15-SWITCH" failures="0" tests="3" name="API.test4" time="2.290" errors="0" timestamp="2022-09-16T07:16:04 WIB" skipped="0">
  <testcase classname="API.test4" name="test3" time="0.133"/>
  <system-out/>
  <testcase classname="API.test4" name="test1" time="1.989"/>
  <system-out/>
  <testcase classname="API.test4" name="test2" time="0.168"/>
  <system-out/>
</testsuite> <!-- API.test4 -->
